# -*-compilation-*-
Traitement de « C:/Users/Villierme/developpement/bal_des_sirenes/datadir/songs/jean_jacques_goldman/solo_qlmeb.ly »
Analyse...
C:/Users/Villierme/developpement/bal_des_sirenes/datadir/songs/jean_jacques_goldman/solo_qlmeb.ly:5:11: Erreur : GUILE a signalé une erreur pour l'expression débutant ici
   \clef #
          (if $inTab "tab" "treble_8")
C:/Users/Villierme/developpement/bal_des_sirenes/datadir/songs/jean_jacques_goldman/solo_qlmeb.ly:5:10: Erreur : type d'argument erroné pour 1.
 Attendait string, #<unspecified> trouvé
   \clef 
         #(if $inTab "tab" "treble_8")
Interprétation en cours de la musique...[8]
Pré-traitement des éléments graphiques...
Détermination du nombre optimal de pages...
Répartition de la musique sur une page...
Dessin des systèmes...
Avertissement : compressing over-full page by 3.6 staff-spaces
Avertissement : page 1 has been compressed
Sortie mise en page vers « /Users/Villierme/developpement/bal_des_sirenes/datadir/songs/jean_jacques_goldman/solo_qlmeb.ps »...
Conversion à « /Users/Villierme/developpement/bal_des_sirenes/datadir/songs/jean_jacques_goldman/solo_qlmeb.pdf »...
erreur fatale : erreur sur les fichiers "C:\\Users\\Villierme\\developpement\\bal_des_sirenes\\datadir\\songs\\jean_jacques_goldman\\solo_qlmeb.ly"
